<?xml version="1.0" encoding="UTF-8"?>
<testng-results ignored="0" total="1" passed="1" failed="0" skipped="0">
  <reporter-output>
  </reporter-output>
  <suite started-at="2021-02-05T19:30:36 PST" name="Default suite" finished-at="2021-02-05T19:31:12 PST" duration-ms="36028">
    <groups>
    </groups>
    <test started-at="2021-02-05T19:30:36 PST" name="Default test" finished-at="2021-02-05T19:31:12 PST" duration-ms="36028">
      <class name="com.webappsecurity.zero.testscripts.VerifyFundTransfer">
        <test-method is-config="true" signature="openApplication()[pri:0, instance:com.webappsecurity.zero.testscripts.VerifyFundTransfer@6a2b953e]" started-at="2021-02-05T19:30:36 PST" name="openApplication" finished-at="2021-02-05T19:30:46 PST" duration-ms="9631" status="PASS">
          <reporter-output>
          </reporter-output>
        </test-method> <!-- openApplication -->
        <test-method signature="verifyTransfer()[pri:0, instance:com.webappsecurity.zero.testscripts.VerifyFundTransfer@6a2b953e]" started-at="2021-02-05T19:30:46 PST" name="verifyTransfer" finished-at="2021-02-05T19:31:12 PST" duration-ms="26072" status="PASS">
          <reporter-output>
          </reporter-output>
        </test-method> <!-- verifyTransfer -->
        <test-method is-config="true" signature="closeApplication()[pri:0, instance:com.webappsecurity.zero.testscripts.VerifyFundTransfer@6a2b953e]" started-at="2021-02-05T19:31:12 PST" name="closeApplication" finished-at="2021-02-05T19:31:12 PST" duration-ms="269" status="PASS">
          <reporter-output>
          </reporter-output>
        </test-method> <!-- closeApplication -->
      </class> <!-- com.webappsecurity.zero.testscripts.VerifyFundTransfer -->
    </test> <!-- Default test -->
  </suite> <!-- Default suite -->
</testng-results>
